<?xml version="1.0" encoding="UTF-8"?>
<!-- Generated by org.testng.reporters.JUnitReportReporter -->
<testsuite skipped="0" hostname="Yemi-PC" name="com.example.TestRunner" tests="2" failures="0" timestamp="2021-07-11T22:32:49 EDT" time="24.697" errors="0">
  <testcase name="runScenario" time="12.783" classname="com.example.TestRunner"/>
  <system-out/>
  <testcase name="runScenario" time="11.914" classname="com.example.TestRunner"/>
  <system-out/>
</testsuite> <!-- com.example.TestRunner -->
