<?xml version="1.0" encoding="UTF-8"?>
<!-- Generated by org.testng.reporters.JUnitReportReporter -->
<testsuite skipped="0" hostname="Yemi-PC" name="com.example.TestRunner" tests="2" failures="0" timestamp="2021-07-11T23:34:09 EDT" time="17.473" errors="0">
  <testcase name="runScenario" time="6.338" classname="com.example.TestRunner"/>
  <system-out/>
  <testcase name="runScenario" time="11.135" classname="com.example.TestRunner"/>
  <system-out/>
</testsuite> <!-- com.example.TestRunner -->
