<?xml version="1.0" encoding="UTF-8"?>
<!-- Generated by org.testng.reporters.JUnitReportReporter -->
<testsuite skipped="0" hostname="Yemi-PC" name="com.example.TestRunner" tests="1" failures="0" timestamp="2021-07-11T13:27:24 EDT" time="13.084" errors="0">
  <testcase name="runScenario" time="13.084" classname="com.example.TestRunner"/>
  <system-out/>
</testsuite> <!-- com.example.TestRunner -->
